<?xml version="1.0" encoding="UTF-8"?>
<testsuite name="ohtu.lyyrakortti.KassapaateTest" tests="4" skipped="0" failures="0" errors="0" timestamp="2017-11-26T17:42:35" hostname="dhcp-asv-113" time="0.4">
  <properties/>
  <testcase name="kortilleLadataanNegatiivinenSaldo" classname="ohtu.lyyrakortti.KassapaateTest" time="0.391"/>
  <testcase name="kortiltaVelotetaanHintaJosRahaaOn" classname="ohtu.lyyrakortti.KassapaateTest" time="0.006"/>
  <testcase name="kortilleLadataanRahaaJosSummaPositiivinen" classname="ohtu.lyyrakortti.KassapaateTest" time="0.001"/>
  <testcase name="kortiltaEiVelotetaJosRahaEiRiita" classname="ohtu.lyyrakortti.KassapaateTest" time="0.001"/>
  <system-out><![CDATA[]]></system-out>
  <system-err><![CDATA[]]></system-err>
</testsuite>
